Using pre-set license
Built from '2020.3/staging' branch; Version is '2020.3.9f1 (108be757e447) revision 1084391'; Using compiler version '192528614'; Build Type 'Release'
OS: 'Windows 10 Education; OS build 19044.1645; Version 2009; 64bit' Language: 'ko' Physical Memory: 12208 MB
BatchMode: 1, IsHumanControllingUs: 0, StartBugReporterOnCrash: 0, Is64bit: 1, IsPro: 0

 COMMAND LINE ARGUMENTS:
C:\UnityEditor\2020.3.9f1\Editor\Unity.exe
-adb2
-batchMode
-noUpm
-name
AssetImportWorker0
-projectPath
D:/UnityProject/Jacks_Bean_Infinite_Monkey
-logFile
Logs/AssetImportWorker0.log
-srvPort
57256
Successfully changed project path to: D:/UnityProject/Jacks_Bean_Infinite_Monkey
D:/UnityProject/Jacks_Bean_Infinite_Monkey
Using Asset Import Pipeline V2.
Refreshing native plugins compatible for Editor in 44.45 ms, found 1 plugins.
Preloading 0 native plugins for Editor in 0.00 ms.
Initialize engine version: 2020.3.9f1 (108be757e447)
[Subsystems] Discovering subsystems at path C:/UnityEditor/2020.3.9f1/Editor/Data/Resources/UnitySubsystems
[Subsystems] Discovering subsystems at path D:/UnityProject/Jacks_Bean_Infinite_Monkey/Assets
GfxDevice: creating device client; threaded=0
Direct3D:
    Version:  Direct3D 11.0 [level 11.1]
    Renderer: NVIDIA GeForce GTX 1050 (ID=0x1c8d)
    Vendor:   
    VRAM:     4021 MB
    Driver:   30.0.14.7141
Initialize mono
Mono path[0] = 'C:/UnityEditor/2020.3.9f1/Editor/Data/Managed'
Mono path[1] = 'C:/UnityEditor/2020.3.9f1/Editor/Data/MonoBleedingEdge/lib/mono/unityjit'
Mono config path = 'C:/UnityEditor/2020.3.9f1/Editor/Data/MonoBleedingEdge/etc'
Using monoOptions --debugger-agent=transport=dt_socket,embedding=1,server=y,suspend=n,address=127.0.0.1:56616
Begin MonoManager ReloadAssembly
Registering precompiled unity dll's ...
Register platform support module: C:/UnityEditor/2020.3.9f1/Editor/Data/PlaybackEngines/WindowsStandaloneSupport/UnityEditor.WindowsStandalone.Extensions.dll
Registered in 0.002985 seconds.
Native extension for WindowsStandalone target not found
Refreshing native plugins compatible for Editor in 49.93 ms, found 1 plugins.
Preloading 0 native plugins for Editor in 0.00 ms.
Mono: successfully reloaded assembly
- Completed reload, in  3.055 seconds
Platform modules already initialized, skipping
Registering precompiled user dll's ...
Registered in 0.001315 seconds.
Begin MonoManager ReloadAssembly
Native extension for WindowsStandalone target not found
Refreshing native plugins compatible for Editor in 48.68 ms, found 1 plugins.
Preloading 0 native plugins for Editor in 0.00 ms.
Mono: successfully reloaded assembly
- Completed reload, in  2.133 seconds
Platform modules already initialized, skipping
========================================================================
Worker process is ready to serve import requests
Launched and connected shader compiler UnityShaderCompiler.exe after 0.10 seconds
Refreshing native plugins compatible for Editor in 0.38 ms, found 1 plugins.
Preloading 0 native plugins for Editor in 0.00 ms.
Unloading 1821 Unused Serialized files (Serialized files now loaded: 0)
System memory in use before: 85.3 MB.
System memory in use after: 85.2 MB.

Unloading 24 unused Assets to reduce memory usage. Loaded Objects now: 2264.
Total: 2.795400 ms (FindLiveObjects: 0.252500 ms CreateObjectMapping: 0.139700 ms MarkObjects: 2.253100 ms  DeleteObjects: 0.148100 ms)

========================================================================
Received Import Request.
  path: Assets/Jgn/DataManager.cs
  artifactKey: Guid(eccecb04394232e43ac7f218bb537bc9) Importer(815301076,1909f56bfc062723c751e8b465ee728b)
Start importing Assets/Jgn/DataManager.cs using Guid(eccecb04394232e43ac7f218bb537bc9) Importer(815301076,1909f56bfc062723c751e8b465ee728b)  -> (artifact id: '232d0dfdd049dd1e109e0840d0b56ab8') in 0.184699 seconds
  Import took 0.263607 seconds .

========================================================================
Received Import Request.
  Time since last request: 0.000512 seconds.
  path: Assets/Jgn/CsvManager.cs
  artifactKey: Guid(047a75612ea67f347a2e3fc37b8a9ec5) Importer(815301076,1909f56bfc062723c751e8b465ee728b)
Start importing Assets/Jgn/CsvManager.cs using Guid(047a75612ea67f347a2e3fc37b8a9ec5) Importer(815301076,1909f56bfc062723c751e8b465ee728b)  -> (artifact id: '47abfbd180483c9f406fb40aa3eb0289') in 0.006744 seconds
  Import took 0.111391 seconds .

========================================================================
Received Prepare
Registering precompiled user dll's ...
Registered in 0.001553 seconds.
Begin MonoManager ReloadAssembly
Native extension for WindowsStandalone target not found
Refreshing native plugins compatible for Editor in 0.44 ms, found 1 plugins.
Preloading 0 native plugins for Editor in 0.00 ms.
Mono: successfully reloaded assembly
- Completed reload, in  1.325 seconds
Platform modules already initialized, skipping
Refreshing native plugins compatible for Editor in 0.45 ms, found 1 plugins.
Preloading 0 native plugins for Editor in 0.00 ms.
Unloading 1816 Unused Serialized files (Serialized files now loaded: 0)
System memory in use before: 85.2 MB.
System memory in use after: 85.2 MB.

Unloading 12 unused Assets to reduce memory usage. Loaded Objects now: 2268.
Total: 3.821200 ms (FindLiveObjects: 0.473400 ms CreateObjectMapping: 0.207400 ms MarkObjects: 2.540800 ms  DeleteObjects: 0.597300 ms)

========================================================================
Received Import Request.
  Time since last request: 1178.736328 seconds.
  path: Assets/Jgn/DataManager.cs
  artifactKey: Guid(eccecb04394232e43ac7f218bb537bc9) Importer(815301076,1909f56bfc062723c751e8b465ee728b)
Start importing Assets/Jgn/DataManager.cs using Guid(eccecb04394232e43ac7f218bb537bc9) Importer(815301076,1909f56bfc062723c751e8b465ee728b)  -> (artifact id: 'fee43f7b4dc07492aef7029e61a787fe') in 0.007113 seconds
  Import took 0.030335 seconds .

========================================================================
Received Prepare
Registering precompiled user dll's ...
Registered in 0.003514 seconds.
Begin MonoManager ReloadAssembly
Native extension for WindowsStandalone target not found
Refreshing native plugins compatible for Editor in 0.72 ms, found 1 plugins.
Preloading 0 native plugins for Editor in 0.00 ms.
Mono: successfully reloaded assembly
- Completed reload, in  2.814 seconds
Platform modules already initialized, skipping
Refreshing native plugins compatible for Editor in 0.36 ms, found 1 plugins.
Preloading 0 native plugins for Editor in 0.00 ms.
Unloading 1816 Unused Serialized files (Serialized files now loaded: 0)
System memory in use before: 85.3 MB.
System memory in use after: 85.3 MB.

Unloading 12 unused Assets to reduce memory usage. Loaded Objects now: 2272.
Total: 2.356400 ms (FindLiveObjects: 0.193200 ms CreateObjectMapping: 0.100400 ms MarkObjects: 1.927400 ms  DeleteObjects: 0.134300 ms)

========================================================================
Received Prepare
Registering precompiled user dll's ...
Registered in 0.001838 seconds.
Begin MonoManager ReloadAssembly
Native extension for WindowsStandalone target not found
Refreshing native plugins compatible for Editor in 0.40 ms, found 1 plugins.
Preloading 0 native plugins for Editor in 0.00 ms.
Mono: successfully reloaded assembly
- Completed reload, in  1.183 seconds
Platform modules already initialized, skipping
Refreshing native plugins compatible for Editor in 0.34 ms, found 1 plugins.
Preloading 0 native plugins for Editor in 0.00 ms.
Unloading 1816 Unused Serialized files (Serialized files now loaded: 0)
System memory in use before: 85.3 MB.
System memory in use after: 85.3 MB.

Unloading 12 unused Assets to reduce memory usage. Loaded Objects now: 2276.
Total: 2.325600 ms (FindLiveObjects: 0.173800 ms CreateObjectMapping: 0.101200 ms MarkObjects: 1.885800 ms  DeleteObjects: 0.163700 ms)

========================================================================
Received Prepare
Registering precompiled user dll's ...
Registered in 0.003104 seconds.
Begin MonoManager ReloadAssembly
Native extension for WindowsStandalone target not found
Refreshing native plugins compatible for Editor in 0.56 ms, found 1 plugins.
Preloading 0 native plugins for Editor in 0.00 ms.
Mono: successfully reloaded assembly
- Completed reload, in  1.247 seconds
Platform modules already initialized, skipping
Refreshing native plugins compatible for Editor in 0.41 ms, found 1 plugins.
Preloading 0 native plugins for Editor in 0.00 ms.
Unloading 1816 Unused Serialized files (Serialized files now loaded: 0)
System memory in use before: 85.3 MB.
System memory in use after: 85.3 MB.

Unloading 12 unused Assets to reduce memory usage. Loaded Objects now: 2280.
Total: 2.452100 ms (FindLiveObjects: 0.192500 ms CreateObjectMapping: 0.095700 ms MarkObjects: 1.960900 ms  DeleteObjects: 0.201600 ms)

========================================================================
Received Prepare
Registering precompiled user dll's ...
Registered in 0.002207 seconds.
Begin MonoManager ReloadAssembly
Native extension for WindowsStandalone target not found
Refreshing native plugins compatible for Editor in 0.35 ms, found 1 plugins.
Preloading 0 native plugins for Editor in 0.00 ms.
Mono: successfully reloaded assembly
- Completed reload, in  1.154 seconds
Platform modules already initialized, skipping
Refreshing native plugins compatible for Editor in 0.40 ms, found 1 plugins.
Preloading 0 native plugins for Editor in 0.00 ms.
Unloading 1816 Unused Serialized files (Serialized files now loaded: 0)
System memory in use before: 85.3 MB.
System memory in use after: 85.3 MB.

Unloading 12 unused Assets to reduce memory usage. Loaded Objects now: 2284.
Total: 2.679500 ms (FindLiveObjects: 0.299800 ms CreateObjectMapping: 0.180100 ms MarkObjects: 1.976200 ms  DeleteObjects: 0.221700 ms)

========================================================================
Received Prepare
Registering precompiled user dll's ...
Registered in 0.001883 seconds.
Begin MonoManager ReloadAssembly
Native extension for WindowsStandalone target not found
Refreshing native plugins compatible for Editor in 1.45 ms, found 1 plugins.
Preloading 0 native plugins for Editor in 0.00 ms.
Mono: successfully reloaded assembly
- Completed reload, in  5.848 seconds
Platform modules already initialized, skipping
Refreshing native plugins compatible for Editor in 0.54 ms, found 1 plugins.
Preloading 0 native plugins for Editor in 0.00 ms.
Unloading 1816 Unused Serialized files (Serialized files now loaded: 0)
System memory in use before: 85.3 MB.
System memory in use after: 85.3 MB.

Unloading 12 unused Assets to reduce memory usage. Loaded Objects now: 2288.
Total: 19.777700 ms (FindLiveObjects: 4.827700 ms CreateObjectMapping: 2.695400 ms MarkObjects: 11.189300 ms  DeleteObjects: 1.062600 ms)

========================================================================
Received Import Request.
  Time since last request: 1753.432510 seconds.
  path: Assets/Plugins
  artifactKey: Guid(43886682a36db0449a5cf1f394fb335b) Importer(815301076,1909f56bfc062723c751e8b465ee728b)
Start importing Assets/Plugins using Guid(43886682a36db0449a5cf1f394fb335b) Importer(815301076,1909f56bfc062723c751e8b465ee728b)  -> (artifact id: '621353dde128f742fe37f0dc14e3e964') in 0.024009 seconds
  Import took 0.064799 seconds .

========================================================================
Received Prepare
Registering precompiled user dll's ...
Registered in 0.005367 seconds.
Begin MonoManager ReloadAssembly
Native extension for WindowsStandalone target not found
Refreshing native plugins compatible for Editor in 0.39 ms, found 1 plugins.
Preloading 0 native plugins for Editor in 0.00 ms.
Mono: successfully reloaded assembly
- Completed reload, in  1.431 seconds
Platform modules already initialized, skipping
Refreshing native plugins compatible for Editor in 0.40 ms, found 1 plugins.
Preloading 0 native plugins for Editor in 0.00 ms.
Unloading 1817 Unused Serialized files (Serialized files now loaded: 0)
System memory in use before: 85.5 MB.
System memory in use after: 85.4 MB.

Unloading 13 unused Assets to reduce memory usage. Loaded Objects now: 2292.
Total: 4.890300 ms (FindLiveObjects: 0.206900 ms CreateObjectMapping: 0.124000 ms MarkObjects: 4.417100 ms  DeleteObjects: 0.140400 ms)

========================================================================
Received Prepare
Registering precompiled user dll's ...
Registered in 0.002346 seconds.
Begin MonoManager ReloadAssembly
Native extension for WindowsStandalone target not found
Refreshing native plugins compatible for Editor in 0.40 ms, found 1 plugins.
Preloading 0 native plugins for Editor in 0.00 ms.
Mono: successfully reloaded assembly
- Completed reload, in  1.390 seconds
Platform modules already initialized, skipping
Refreshing native plugins compatible for Editor in 0.39 ms, found 1 plugins.
Preloading 0 native plugins for Editor in 0.00 ms.
Unloading 1817 Unused Serialized files (Serialized files now loaded: 0)
System memory in use before: 85.5 MB.
System memory in use after: 85.4 MB.

Unloading 13 unused Assets to reduce memory usage. Loaded Objects now: 2296.
Total: 2.703100 ms (FindLiveObjects: 0.241800 ms CreateObjectMapping: 0.196500 ms MarkObjects: 2.129500 ms  DeleteObjects: 0.133500 ms)

========================================================================
Received Import Request.
  Time since last request: 80.202369 seconds.
  path: Assets/Jgn/DataManager.cs
  artifactKey: Guid(eccecb04394232e43ac7f218bb537bc9) Importer(815301076,1909f56bfc062723c751e8b465ee728b)
Start importing Assets/Jgn/DataManager.cs using Guid(eccecb04394232e43ac7f218bb537bc9) Importer(815301076,1909f56bfc062723c751e8b465ee728b)  -> (artifact id: '0be0fd63ae52fdc3ed2abd72463a9ebb') in 0.013023 seconds
  Import took 0.165959 seconds .

========================================================================
Received Prepare
Registering precompiled user dll's ...
Registered in 0.002581 seconds.
Begin MonoManager ReloadAssembly
Native extension for WindowsStandalone target not found
Refreshing native plugins compatible for Editor in 0.38 ms, found 1 plugins.
Preloading 0 native plugins for Editor in 0.00 ms.
Mono: successfully reloaded assembly
- Completed reload, in  1.348 seconds
Platform modules already initialized, skipping
Refreshing native plugins compatible for Editor in 0.53 ms, found 1 plugins.
Preloading 0 native plugins for Editor in 0.00 ms.
Unloading 1817 Unused Serialized files (Serialized files now loaded: 0)
System memory in use before: 85.5 MB.
System memory in use after: 85.4 MB.

Unloading 13 unused Assets to reduce memory usage. Loaded Objects now: 2300.
Total: 3.022900 ms (FindLiveObjects: 0.399800 ms CreateObjectMapping: 0.337900 ms MarkObjects: 2.103800 ms  DeleteObjects: 0.180200 ms)

========================================================================
Received Import Request.
  Time since last request: 89.177140 seconds.
  path: Assets/Jgn/DataManager.cs
  artifactKey: Guid(eccecb04394232e43ac7f218bb537bc9) Importer(815301076,1909f56bfc062723c751e8b465ee728b)
Start importing Assets/Jgn/DataManager.cs using Guid(eccecb04394232e43ac7f218bb537bc9) Importer(815301076,1909f56bfc062723c751e8b465ee728b)  -> (artifact id: 'd012a1da5839f37c2d29ea8334aaaf26') in 0.017443 seconds
  Import took 0.126727 seconds .

========================================================================
Received Import Request.
  Time since last request: 0.000900 seconds.
  path: Assets/Jgn/DataManager.cs
  artifactKey: Guid(eccecb04394232e43ac7f218bb537bc9) Importer(815301076,1909f56bfc062723c751e8b465ee728b)
Start importing Assets/Jgn/DataManager.cs using Guid(eccecb04394232e43ac7f218bb537bc9) Importer(815301076,1909f56bfc062723c751e8b465ee728b)  -> (artifact id: 'd012a1da5839f37c2d29ea8334aaaf26') in 0.014727 seconds
  Import took 0.025676 seconds .

========================================================================
Received Prepare
Registering precompiled user dll's ...
Registered in 0.013347 seconds.
Begin MonoManager ReloadAssembly
Native extension for WindowsStandalone target not found
Refreshing native plugins compatible for Editor in 5.93 ms, found 1 plugins.
Preloading 0 native plugins for Editor in 0.00 ms.
Mono: successfully reloaded assembly
- Completed reload, in  2.423 seconds
Platform modules already initialized, skipping
Refreshing native plugins compatible for Editor in 1.32 ms, found 1 plugins.
Preloading 0 native plugins for Editor in 0.00 ms.
Unloading 1817 Unused Serialized files (Serialized files now loaded: 0)
System memory in use before: 85.5 MB.
System memory in use after: 85.5 MB.

Unloading 13 unused Assets to reduce memory usage. Loaded Objects now: 2304.
Total: 6.673700 ms (FindLiveObjects: 0.215200 ms CreateObjectMapping: 0.130700 ms MarkObjects: 5.970800 ms  DeleteObjects: 0.354600 ms)

========================================================================
Received Prepare
Registering precompiled user dll's ...
Registered in 0.002923 seconds.
Begin MonoManager ReloadAssembly
Native extension for WindowsStandalone target not found
Refreshing native plugins compatible for Editor in 0.38 ms, found 1 plugins.
Preloading 0 native plugins for Editor in 0.00 ms.
Mono: successfully reloaded assembly
- Completed reload, in  1.296 seconds
Platform modules already initialized, skipping
Refreshing native plugins compatible for Editor in 0.37 ms, found 1 plugins.
Preloading 0 native plugins for Editor in 0.00 ms.
Unloading 1817 Unused Serialized files (Serialized files now loaded: 0)
System memory in use before: 85.5 MB.
System memory in use after: 85.5 MB.

Unloading 13 unused Assets to reduce memory usage. Loaded Objects now: 2308.
Total: 3.185100 ms (FindLiveObjects: 0.199400 ms CreateObjectMapping: 0.083100 ms MarkObjects: 2.753600 ms  DeleteObjects: 0.147700 ms)

========================================================================
Received Import Request.
  Time since last request: 124.867719 seconds.
  path: Assets/Jgn/DataManager.cs
  artifactKey: Guid(eccecb04394232e43ac7f218bb537bc9) Importer(815301076,1909f56bfc062723c751e8b465ee728b)
Start importing Assets/Jgn/DataManager.cs using Guid(eccecb04394232e43ac7f218bb537bc9) Importer(815301076,1909f56bfc062723c751e8b465ee728b)  -> (artifact id: 'd1b31ae5f8275a745fefeb958ee8affa') in 0.012412 seconds
  Import took 0.037159 seconds .

========================================================================
Received Import Request.
  Time since last request: 0.082941 seconds.
  path: Assets/Jgn/DataManager.cs
  artifactKey: Guid(eccecb04394232e43ac7f218bb537bc9) Importer(815301076,1909f56bfc062723c751e8b465ee728b)
Start importing Assets/Jgn/DataManager.cs using Guid(eccecb04394232e43ac7f218bb537bc9) Importer(815301076,1909f56bfc062723c751e8b465ee728b)  -> (artifact id: 'd1b31ae5f8275a745fefeb958ee8affa') in 0.008762 seconds
  Import took 0.012829 seconds .

========================================================================
Received Prepare
Registering precompiled user dll's ...
Registered in 0.010624 seconds.
Begin MonoManager ReloadAssembly
Native extension for WindowsStandalone target not found
Refreshing native plugins compatible for Editor in 0.38 ms, found 1 plugins.
Preloading 0 native plugins for Editor in 0.00 ms.
Mono: successfully reloaded assembly
- Completed reload, in  1.269 seconds
Platform modules already initialized, skipping
Refreshing native plugins compatible for Editor in 0.37 ms, found 1 plugins.
Preloading 0 native plugins for Editor in 0.00 ms.
Unloading 1817 Unused Serialized files (Serialized files now loaded: 0)
System memory in use before: 85.5 MB.
System memory in use after: 85.5 MB.

Unloading 13 unused Assets to reduce memory usage. Loaded Objects now: 2312.
Total: 2.699800 ms (FindLiveObjects: 0.205000 ms CreateObjectMapping: 0.143700 ms MarkObjects: 2.168100 ms  DeleteObjects: 0.181500 ms)

========================================================================
Received Import Request.
  Time since last request: 215.786186 seconds.
  path: Assets/Jgn/DataManager.cs
  artifactKey: Guid(eccecb04394232e43ac7f218bb537bc9) Importer(815301076,1909f56bfc062723c751e8b465ee728b)
Start importing Assets/Jgn/DataManager.cs using Guid(eccecb04394232e43ac7f218bb537bc9) Importer(815301076,1909f56bfc062723c751e8b465ee728b)  -> (artifact id: '8b8327e129ee2498b3e5f15aec18e8f4') in 0.007752 seconds
  Import took 0.114021 seconds .

========================================================================
Received Import Request.
  Time since last request: 0.014869 seconds.
  path: Assets/Jgn/DataManager.cs
  artifactKey: Guid(eccecb04394232e43ac7f218bb537bc9) Importer(815301076,1909f56bfc062723c751e8b465ee728b)
Start importing Assets/Jgn/DataManager.cs using Guid(eccecb04394232e43ac7f218bb537bc9) Importer(815301076,1909f56bfc062723c751e8b465ee728b)  -> (artifact id: '8b8327e129ee2498b3e5f15aec18e8f4') in 0.006529 seconds
  Import took 0.012801 seconds .

========================================================================
Received Prepare
Registering precompiled user dll's ...
Registered in 0.052089 seconds.
Begin MonoManager ReloadAssembly
Native extension for WindowsStandalone target not found
Refreshing native plugins compatible for Editor in 0.71 ms, found 1 plugins.
Preloading 0 native plugins for Editor in 0.00 ms.
Mono: successfully reloaded assembly
- Completed reload, in  3.295 seconds
Platform modules already initialized, skipping
Refreshing native plugins compatible for Editor in 0.47 ms, found 1 plugins.
Preloading 0 native plugins for Editor in 0.00 ms.
Unloading 1817 Unused Serialized files (Serialized files now loaded: 0)
System memory in use before: 85.5 MB.
System memory in use after: 85.5 MB.

Unloading 13 unused Assets to reduce memory usage. Loaded Objects now: 2316.
Total: 5.017200 ms (FindLiveObjects: 0.296800 ms CreateObjectMapping: 0.191000 ms MarkObjects: 4.372700 ms  DeleteObjects: 0.155000 ms)

